<?xml version="1.0" encoding="UTF-8"?>
<!-- Generated by org.testng.reporters.JUnitReportReporter -->
<testsuite hostname="suji" failures="0" tests="1" name="testScripts.FBLike" time="26.534" errors="0" timestamp="03 May 2021 07:57:09 GMT" skipped="0">
  <testcase classname="testScripts.FBLike" name="tc3" time="26.534"/>
</testsuite> <!-- testScripts.FBLike -->
