<?xml version="1.0" encoding="UTF-8"?>
<!-- Generated by org.testng.reporters.JUnitReportReporter -->
<testsuite hostname="suji" failures="0" tests="1" name="testScripts.AddingToCart" time="30.030" errors="0" timestamp="30 Apr 2021 05:32:27 GMT" skipped="0">
  <testcase classname="testScripts.AddingToCart" name="tc1" time="30.030"/>
</testsuite> <!-- testScripts.AddingToCart -->
